
-----------------------------------------------
Score Security 26/100
Vulnerabilities	 23 
None		  0 
Low		 18 
Medium		  0 
High		  5 
Critical	  0 
Total		 23 
-----------------------------------------------------------------------------------------------------------------------
You are using the Insider open source version. If you like the product and want more features,
visit http://insidersec.io and get to know our enterprise version.
If you are a developer, then you can contribute to the improvement of the software while using an open source version
-----------------------------------------------------------------------------------------------------------------------
insider --tech java --target /home/jenkins/vulnado/ 
-----------------------------------------------
Score Security 26/100
Vulnerabilities	 23 
None		  0 
Low		 18 
Medium		  0 
High		  5 
Critical	  0 
Total		 23 
-----------------------------------------------------------------------------------------------------------------------
You are using the Insider open source version. If you like the product and want more features,
visit http://insidersec.io and get to know our enterprise version.
If you are a developer, then you can contribute to the improvement of the software while using an open source version
-----------------------------------------------------------------------------------------------------------------------
insider --tech java --target /home/jenkins/vulnado/ 